2022-04-13 22:36:23,527:INFO:PyCaret Supervised Module
2022-04-13 22:36:23,528:INFO:ML Usecase: classification
2022-04-13 22:36:23,528:INFO:version 2.3.10
2022-04-13 22:36:23,528:INFO:Initializing setup()
2022-04-13 22:36:23,528:INFO:setup(target=state, ml_usecase=classification, available_plots={'parameter': 'Hyperparameters', 'auc': 'AUC', 'confusion_matrix': 'Confusion Matrix', 'threshold': 'Threshold', 'pr': 'Precision Recall', 'error': 'Prediction Error', 'class_report': 'Class Report', 'rfe': 'Feature Selection', 'learning': 'Learning Curve', 'manifold': 'Manifold Learning', 'calibration': 'Calibration Curve', 'vc': 'Validation Curve', 'dimension': 'Dimensions', 'feature': 'Feature Importance', 'feature_all': 'Feature Importance (All)', 'boundary': 'Decision Boundary', 'lift': 'Lift Chart', 'gain': 'Gain Chart', 'tree': 'Decision Tree', 'ks': 'KS Statistic Plot'}, train_size=0.7, test_data=None, preprocess=True, imputation_type=simple, iterative_imputation_iters=5, categorical_features=None, categorical_imputation=constant, categorical_iterative_imputer=lightgbm, ordinal_features=None, high_cardinality_features=None, high_cardinality_method=frequency, numeric_features=None, numeric_imputation=mean, numeric_iterative_imputer=lightgbm, date_features=None, ignore_features=['sequence'], normalize=True, normalize_method=minmax, transformation=False, transformation_method=yeo-johnson, handle_unknown_categorical=True, unknown_categorical_method=least_frequent, pca=False, pca_method=linear, pca_components=None, ignore_low_variance=False, combine_rare_levels=False, rare_level_threshold=0.1, bin_numeric_features=None, remove_outliers=True, outliers_threshold=0.05, remove_multicollinearity=False, multicollinearity_threshold=0.9, remove_perfect_collinearity=True, create_clusters=False, cluster_iter=20, polynomial_features=False, polynomial_degree=2, trigonometry_features=False, polynomial_threshold=0.1, group_features=None, group_names=None, feature_selection=False, feature_selection_threshold=0.8, feature_selection_method=classic, feature_interaction=False, feature_ratio=False, interaction_threshold=0.01, fix_imbalance=False, fix_imbalance_method=None, transform_target=False, transform_target_method=box-cox, data_split_shuffle=True, data_split_stratify=False, fold_strategy=groupkfold, fold=3, fold_shuffle=False, fold_groups=sequence, n_jobs=-1, use_gpu=True, custom_pipeline=None, html=True, session_id=None, log_experiment=False, experiment_name=None, experiment_custom_tags=None, log_plots=False, log_profile=False, log_data=False, silent=True, verbose=True, profile=False, profile_kwargs=None, display=None)
2022-04-13 22:36:23,529:INFO:Checking environment
2022-04-13 22:36:23,529:INFO:python_version: 3.8.13
2022-04-13 22:36:23,529:INFO:python_build: ('default', 'Mar 28 2022 06:59:08')
2022-04-13 22:36:23,529:INFO:machine: AMD64
2022-04-13 22:36:23,530:INFO:platform: Windows-10-10.0.19041-SP0
2022-04-13 22:36:23,530:INFO:Memory: svmem(total=16977203200, available=5523877888, percent=67.5, used=11453325312, free=5523877888)
2022-04-13 22:36:23,530:INFO:Physical Core: 6
2022-04-13 22:36:23,530:INFO:Logical Core: 12
2022-04-13 22:36:23,530:INFO:Checking libraries
2022-04-13 22:36:23,530:INFO:pd==1.4.2
2022-04-13 22:36:23,530:INFO:numpy==1.19.5
2022-04-13 22:36:23,530:INFO:sklearn==0.23.2
2022-04-13 22:36:23,530:INFO:lightgbm==3.3.2
2022-04-13 22:36:23,531:WARNING:catboost not found
2022-04-13 22:36:23,532:WARNING:xgboost not found
2022-04-13 22:36:23,532:INFO:mlflow==1.25.0
2022-04-13 22:36:23,532:INFO:Checking Exceptions
2022-04-13 22:36:23,532:INFO:Declaring global variables
2022-04-13 22:36:23,532:INFO:USI: d98d
2022-04-13 22:36:23,532:INFO:pycaret_globals: {'USI', 'create_model_container', 'transform_target_param', 'imputation_classifier', 'dashboard_logger', 'stratify_param', 'fold_shuffle_param', '_all_models_internal', 'experiment__', 'html_param', 'fold_param', 'pycaret_globals', 'n_jobs_param', 'transform_target_method_param', 'target_param', '_all_metrics', 'iterative_imputation_iters_param', 'fold_generator', 'gpu_param', 'seed', 'y_test', 'y_train', '_internal_pipeline', 'master_model_container', '_gpu_n_jobs_param', 'log_plots_param', 'X_test', 'logging_param', 'display_container', 'fold_groups_param_full', 'fold_groups_param', 'data_before_preprocess', 'exp_name_log', 'prep_pipe', '_ml_usecase', 'y', '_all_models', 'imputation_regressor', 'fix_imbalance_method_param', 'X', 'X_train', 'fix_imbalance_param', '_available_plots'}
2022-04-13 22:36:23,532:INFO:Preparing display monitor
2022-04-13 22:36:23,532:INFO:Preparing display monitor
2022-04-13 22:36:23,542:INFO:Importing libraries
2022-04-13 22:36:23,542:INFO:Copying data for preprocessing
2022-04-13 22:36:23,558:INFO:Declaring preprocessing parameters
2022-04-13 22:36:23,559:WARNING:cuML not found
2022-04-13 22:36:23,559:WARNING:cuML is outdated or not found. Required version is >=0.15, got 3.3.2
2022-04-13 22:36:23,575:INFO:Creating preprocessing pipeline
2022-04-13 22:36:23,982:INFO:Preprocessing pipeline created successfully
2022-04-13 22:36:23,982:ERROR:(Process Exit): setup has been interupted with user command 'quit'. setup must rerun.
2022-04-13 22:36:23,982:INFO:Creating global containers
2022-04-13 22:36:23,983:INFO:Internal pipeline: Pipeline(memory=None, steps=[('empty_step', 'passthrough')], verbose=False)
2022-04-13 22:36:31,448:WARNING:Couldn't import cuml.linear_model.LogisticRegression
2022-04-13 22:36:31,489:WARNING:Couldn't import cuml.neighbors.KNeighborsClassifier
2022-04-13 22:36:31,492:WARNING:Couldn't import cuml.MBSGDClassifier
2022-04-13 22:36:31,493:WARNING:Couldn't import cuml.svm.SVC
2022-04-13 22:36:31,522:WARNING:Couldn't import cuml.linear_model
2022-04-13 22:36:31,527:WARNING:Couldn't import cuml.ensemble
2022-04-13 22:36:31,534:WARNING:Couldn't import xgboost.XGBClassifier
2022-04-13 22:36:35,945:WARNING:Couldn't import catboost.CatBoostClassifier
2022-04-13 22:36:35,947:WARNING:Couldn't import cuml.linear_model.LogisticRegression
2022-04-13 22:36:36,056:WARNING:Couldn't import cuml.neighbors.KNeighborsClassifier
2022-04-13 22:36:36,057:WARNING:Couldn't import cuml.MBSGDClassifier
2022-04-13 22:36:36,058:WARNING:Couldn't import cuml.svm.SVC
2022-04-13 22:36:36,081:WARNING:Couldn't import cuml.linear_model
2022-04-13 22:36:36,086:WARNING:Couldn't import cuml.ensemble
2022-04-13 22:36:36,088:WARNING:Couldn't import xgboost.XGBClassifier
2022-04-13 22:36:36,365:WARNING:Couldn't import catboost.CatBoostClassifier
2022-04-13 22:36:36,366:INFO:Creating grid variables
2022-04-13 22:36:36,404:INFO:create_model_container: 0
2022-04-13 22:36:36,405:INFO:master_model_container: 0
2022-04-13 22:36:36,405:INFO:display_container: 1
2022-04-13 22:36:36,415:INFO:Pipeline(memory=None,
         steps=[('dtypes',
                 DataTypes_Auto_infer(categorical_features=[],
                                      display_types=False,
                                      features_todrop=['sequence'],
                                      id_columns=['sequence'],
                                      ml_usecase='classification',
                                      numerical_features=[], target='state',
                                      time_features=[])),
                ('imputer',
                 Simple_Imputer(categorical_strategy='not_available',
                                fill_value_categorical=None,
                                fill_value_numerica...
                ('rem_outliers',
                 Outlier(contamination=0.05, methods=['pca'], random_state=8831,
                         target='state')),
                ('cluster_all', 'passthrough'),
                ('dummy', Dummify(target='state')),
                ('fix_perfect', Remove_100(target='state')),
                ('clean_names', Clean_Colum_Names()),
                ('feature_select', 'passthrough'), ('fix_multi', 'passthrough'),
                ('dfs', 'passthrough'), ('pca', 'passthrough')],
         verbose=False)
2022-04-13 22:36:36,416:INFO:setup() succesfully completed......................................
2022-04-13 22:36:36,694:INFO:Initializing compare_models()
2022-04-13 22:36:36,694:INFO:compare_models(include=None, fold=None, round=4, cross_validation=True, sort=Accuracy, n_select=1, budget_time=None, turbo=True, errors=ignore, fit_kwargs=None, groups=None, experiment_custom_tags=None, probability_threshold=None, verbose=True, display=None, exclude=None)
2022-04-13 22:36:36,694:INFO:Checking exceptions
2022-04-13 22:36:36,695:INFO:Preparing display monitor
2022-04-13 22:36:36,695:INFO:Preparing display monitor
2022-04-13 22:36:36,719:INFO:Initializing Logistic Regression
2022-04-13 22:36:36,719:INFO:Total runtime is 0.0 minutes
2022-04-13 22:36:36,726:INFO:SubProcess create_model() called ==================================
2022-04-13 22:36:36,727:INFO:Initializing create_model()
2022-04-13 22:36:36,727:INFO:create_model(estimator=lr, fold=GroupKFold(n_splits=3), round=4, cross_validation=True, predict=True, fit_kwargs={}, groups=1            1
3            3
4            4
7            7
9            9
         ...  
25962    25962
25963    25963
25964    25964
25965    25965
25967    25967
Name: sequence, Length: 17268, dtype: int64, refit=False, verbose=False, system=False, metrics=None, experiment_custom_tags=None, add_to_model_list=True, probability_threshold=None, display=<pycaret.internal.Display.Display object at 0x000001F8A2091400>, return_train_score=False, kwargs={})
2022-04-13 22:36:36,727:INFO:Checking exceptions
2022-04-13 22:36:36,727:INFO:Importing libraries
2022-04-13 22:36:36,727:INFO:Copying training dataset
2022-04-13 22:36:36,731:INFO:Defining folds
2022-04-13 22:36:36,731:INFO:Declaring metric variables
2022-04-13 22:36:36,738:INFO:Importing untrained model
2022-04-13 22:36:36,745:INFO:Logistic Regression Imported succesfully
2022-04-13 22:36:36,760:INFO:Starting cross validation
2022-04-13 22:36:36,761:INFO:Cross validating with GroupKFold(n_splits=3), n_jobs=1
2022-04-13 22:36:40,747:INFO:Calculating mean and std
2022-04-13 22:36:40,748:INFO:Creating metrics dataframe
2022-04-13 22:36:40,771:INFO:Uploading results into container
2022-04-13 22:36:40,771:INFO:Uploading model into container now
2022-04-13 22:36:40,772:INFO:create_model_container: 1
2022-04-13 22:36:40,772:INFO:master_model_container: 1
2022-04-13 22:36:40,772:INFO:display_container: 2
2022-04-13 22:36:40,772:INFO:LogisticRegression(C=1.0, class_weight=None, dual=False, fit_intercept=True,
                   intercept_scaling=1, l1_ratio=None, max_iter=1000,
                   multi_class='auto', n_jobs=None, penalty='l2',
                   random_state=8831, solver='lbfgs', tol=0.0001, verbose=0,
                   warm_start=False)
2022-04-13 22:36:40,772:INFO:create_model() succesfully completed......................................
2022-04-13 22:36:40,833:INFO:SubProcess create_model() end ==================================
2022-04-13 22:36:40,833:INFO:Creating metrics dataframe
2022-04-13 22:36:40,852:INFO:Initializing K Neighbors Classifier
2022-04-13 22:36:40,853:INFO:Total runtime is 0.06889122724533081 minutes
2022-04-13 22:36:40,859:INFO:SubProcess create_model() called ==================================
2022-04-13 22:36:40,860:INFO:Initializing create_model()
2022-04-13 22:36:40,861:INFO:create_model(estimator=knn, fold=GroupKFold(n_splits=3), round=4, cross_validation=True, predict=True, fit_kwargs={}, groups=1            1
3            3
4            4
7            7
9            9
         ...  
25962    25962
25963    25963
25964    25964
25965    25965
25967    25967
Name: sequence, Length: 17268, dtype: int64, refit=False, verbose=False, system=False, metrics=None, experiment_custom_tags=None, add_to_model_list=True, probability_threshold=None, display=<pycaret.internal.Display.Display object at 0x000001F8A2091400>, return_train_score=False, kwargs={})
2022-04-13 22:36:40,861:INFO:Checking exceptions
2022-04-13 22:36:40,861:INFO:Importing libraries
2022-04-13 22:36:40,861:INFO:Copying training dataset
2022-04-13 22:36:40,864:INFO:Defining folds
2022-04-13 22:36:40,865:INFO:Declaring metric variables
2022-04-13 22:36:40,871:INFO:Importing untrained model
2022-04-13 22:36:40,877:INFO:K Neighbors Classifier Imported succesfully
2022-04-13 22:36:40,891:INFO:Starting cross validation
2022-04-13 22:36:40,892:INFO:Cross validating with GroupKFold(n_splits=3), n_jobs=1
2022-04-13 22:37:00,427:INFO:Calculating mean and std
2022-04-13 22:37:00,428:INFO:Creating metrics dataframe
2022-04-13 22:37:00,444:INFO:Uploading results into container
2022-04-13 22:37:00,444:INFO:Uploading model into container now
2022-04-13 22:37:00,444:INFO:create_model_container: 2
2022-04-13 22:37:00,444:INFO:master_model_container: 2
2022-04-13 22:37:00,444:INFO:display_container: 2
2022-04-13 22:37:00,444:INFO:KNeighborsClassifier(algorithm='auto', leaf_size=30, metric='minkowski',
                     metric_params=None, n_jobs=-1, n_neighbors=5, p=2,
                     weights='uniform')
2022-04-13 22:37:00,444:INFO:create_model() succesfully completed......................................
2022-04-13 22:37:00,508:INFO:SubProcess create_model() end ==================================
2022-04-13 22:37:00,509:INFO:Creating metrics dataframe
2022-04-13 22:37:00,531:INFO:Initializing Naive Bayes
2022-04-13 22:37:00,531:INFO:Total runtime is 0.3968648036321004 minutes
2022-04-13 22:37:00,538:INFO:SubProcess create_model() called ==================================
2022-04-13 22:37:00,539:INFO:Initializing create_model()
2022-04-13 22:37:00,539:INFO:create_model(estimator=nb, fold=GroupKFold(n_splits=3), round=4, cross_validation=True, predict=True, fit_kwargs={}, groups=1            1
3            3
4            4
7            7
9            9
         ...  
25962    25962
25963    25963
25964    25964
25965    25965
25967    25967
Name: sequence, Length: 17268, dtype: int64, refit=False, verbose=False, system=False, metrics=None, experiment_custom_tags=None, add_to_model_list=True, probability_threshold=None, display=<pycaret.internal.Display.Display object at 0x000001F8A2091400>, return_train_score=False, kwargs={})
2022-04-13 22:37:00,539:INFO:Checking exceptions
2022-04-13 22:37:00,540:INFO:Importing libraries
2022-04-13 22:37:00,540:INFO:Copying training dataset
2022-04-13 22:37:00,543:INFO:Defining folds
2022-04-13 22:37:00,543:INFO:Declaring metric variables
2022-04-13 22:37:00,550:INFO:Importing untrained model
2022-04-13 22:37:00,557:INFO:Naive Bayes Imported succesfully
2022-04-13 22:37:00,572:INFO:Starting cross validation
2022-04-13 22:37:00,573:INFO:Cross validating with GroupKFold(n_splits=3), n_jobs=1
2022-04-13 22:37:00,890:INFO:Calculating mean and std
2022-04-13 22:37:00,891:INFO:Creating metrics dataframe
2022-04-13 22:37:00,907:INFO:Uploading results into container
2022-04-13 22:37:00,908:INFO:Uploading model into container now
2022-04-13 22:37:00,908:INFO:create_model_container: 3
2022-04-13 22:37:00,908:INFO:master_model_container: 3
2022-04-13 22:37:00,908:INFO:display_container: 2
2022-04-13 22:37:00,908:INFO:GaussianNB(priors=None, var_smoothing=1e-09)
2022-04-13 22:37:00,908:INFO:create_model() succesfully completed......................................
2022-04-13 22:37:00,968:INFO:SubProcess create_model() end ==================================
2022-04-13 22:37:00,968:INFO:Creating metrics dataframe
2022-04-13 22:37:00,988:INFO:Initializing Decision Tree Classifier
2022-04-13 22:37:00,988:INFO:Total runtime is 0.4044837196667989 minutes
2022-04-13 22:37:00,995:INFO:SubProcess create_model() called ==================================
2022-04-13 22:37:00,996:INFO:Initializing create_model()
2022-04-13 22:37:00,997:INFO:create_model(estimator=dt, fold=GroupKFold(n_splits=3), round=4, cross_validation=True, predict=True, fit_kwargs={}, groups=1            1
3            3
4            4
7            7
9            9
         ...  
25962    25962
25963    25963
25964    25964
25965    25965
25967    25967
Name: sequence, Length: 17268, dtype: int64, refit=False, verbose=False, system=False, metrics=None, experiment_custom_tags=None, add_to_model_list=True, probability_threshold=None, display=<pycaret.internal.Display.Display object at 0x000001F8A2091400>, return_train_score=False, kwargs={})
2022-04-13 22:37:00,997:INFO:Checking exceptions
2022-04-13 22:37:00,997:INFO:Importing libraries
2022-04-13 22:37:00,997:INFO:Copying training dataset
2022-04-13 22:37:01,001:INFO:Defining folds
2022-04-13 22:37:01,001:INFO:Declaring metric variables
2022-04-13 22:37:01,007:INFO:Importing untrained model
2022-04-13 22:37:01,015:INFO:Decision Tree Classifier Imported succesfully
2022-04-13 22:37:01,027:INFO:Starting cross validation
2022-04-13 22:37:01,028:INFO:Cross validating with GroupKFold(n_splits=3), n_jobs=1
2022-04-13 22:37:08,384:INFO:Calculating mean and std
2022-04-13 22:37:08,385:INFO:Creating metrics dataframe
2022-04-13 22:37:08,401:INFO:Uploading results into container
2022-04-13 22:37:08,401:INFO:Uploading model into container now
2022-04-13 22:37:08,401:INFO:create_model_container: 4
2022-04-13 22:37:08,401:INFO:master_model_container: 4
2022-04-13 22:37:08,401:INFO:display_container: 2
2022-04-13 22:37:08,401:INFO:DecisionTreeClassifier(ccp_alpha=0.0, class_weight=None, criterion='gini',
                       max_depth=None, max_features=None, max_leaf_nodes=None,
                       min_impurity_decrease=0.0, min_impurity_split=None,
                       min_samples_leaf=1, min_samples_split=2,
                       min_weight_fraction_leaf=0.0, presort='deprecated',
                       random_state=8831, splitter='best')
2022-04-13 22:37:08,401:INFO:create_model() succesfully completed......................................
2022-04-13 22:37:08,459:INFO:SubProcess create_model() end ==================================
2022-04-13 22:37:08,460:INFO:Creating metrics dataframe
2022-04-13 22:37:08,480:INFO:Initializing SVM - Linear Kernel
2022-04-13 22:37:08,480:INFO:Total runtime is 0.5293490091959635 minutes
2022-04-13 22:37:08,487:INFO:SubProcess create_model() called ==================================
2022-04-13 22:37:08,487:INFO:Initializing create_model()
2022-04-13 22:37:08,487:INFO:create_model(estimator=svm, fold=GroupKFold(n_splits=3), round=4, cross_validation=True, predict=True, fit_kwargs={}, groups=1            1
3            3
4            4
7            7
9            9
         ...  
25962    25962
25963    25963
25964    25964
25965    25965
25967    25967
Name: sequence, Length: 17268, dtype: int64, refit=False, verbose=False, system=False, metrics=None, experiment_custom_tags=None, add_to_model_list=True, probability_threshold=None, display=<pycaret.internal.Display.Display object at 0x000001F8A2091400>, return_train_score=False, kwargs={})
2022-04-13 22:37:08,487:INFO:Checking exceptions
2022-04-13 22:37:08,487:INFO:Importing libraries
2022-04-13 22:37:08,488:INFO:Copying training dataset
2022-04-13 22:37:08,490:INFO:Defining folds
2022-04-13 22:37:08,490:INFO:Declaring metric variables
2022-04-13 22:37:08,496:INFO:Importing untrained model
2022-04-13 22:37:08,503:INFO:SVM - Linear Kernel Imported succesfully
2022-04-13 22:37:08,515:INFO:Starting cross validation
2022-04-13 22:37:08,516:INFO:Cross validating with GroupKFold(n_splits=3), n_jobs=1
2022-04-13 22:37:09,882:INFO:Calculating mean and std
2022-04-13 22:37:09,883:INFO:Creating metrics dataframe
2022-04-13 22:37:09,898:INFO:Uploading results into container
2022-04-13 22:37:09,898:INFO:Uploading model into container now
2022-04-13 22:37:09,898:INFO:create_model_container: 5
2022-04-13 22:37:09,898:INFO:master_model_container: 5
2022-04-13 22:37:09,898:INFO:display_container: 2
2022-04-13 22:37:09,899:INFO:SGDClassifier(alpha=0.0001, average=False, class_weight=None,
              early_stopping=False, epsilon=0.1, eta0=0.001, fit_intercept=True,
              l1_ratio=0.15, learning_rate='optimal', loss='hinge',
              max_iter=1000, n_iter_no_change=5, n_jobs=-1, penalty='l2',
              power_t=0.5, random_state=8831, shuffle=True, tol=0.001,
              validation_fraction=0.1, verbose=0, warm_start=False)
2022-04-13 22:37:09,899:INFO:create_model() succesfully completed......................................
2022-04-13 22:37:09,957:INFO:SubProcess create_model() end ==================================
2022-04-13 22:37:09,957:INFO:Creating metrics dataframe
2022-04-13 22:37:09,979:INFO:Initializing Ridge Classifier
2022-04-13 22:37:09,979:INFO:Total runtime is 0.5543187181154886 minutes
2022-04-13 22:37:09,985:INFO:SubProcess create_model() called ==================================
2022-04-13 22:37:09,986:INFO:Initializing create_model()
2022-04-13 22:37:09,986:INFO:create_model(estimator=ridge, fold=GroupKFold(n_splits=3), round=4, cross_validation=True, predict=True, fit_kwargs={}, groups=1            1
3            3
4            4
7            7
9            9
         ...  
25962    25962
25963    25963
25964    25964
25965    25965
25967    25967
Name: sequence, Length: 17268, dtype: int64, refit=False, verbose=False, system=False, metrics=None, experiment_custom_tags=None, add_to_model_list=True, probability_threshold=None, display=<pycaret.internal.Display.Display object at 0x000001F8A2091400>, return_train_score=False, kwargs={})
2022-04-13 22:37:09,986:INFO:Checking exceptions
2022-04-13 22:37:09,986:INFO:Importing libraries
2022-04-13 22:37:09,986:INFO:Copying training dataset
2022-04-13 22:37:09,989:INFO:Defining folds
2022-04-13 22:37:09,989:INFO:Declaring metric variables
2022-04-13 22:37:09,995:INFO:Importing untrained model
2022-04-13 22:37:10,001:INFO:Ridge Classifier Imported succesfully
2022-04-13 22:37:10,013:INFO:Starting cross validation
2022-04-13 22:37:10,014:INFO:Cross validating with GroupKFold(n_splits=3), n_jobs=1
2022-04-13 22:37:10,214:INFO:Calculating mean and std
2022-04-13 22:37:10,215:INFO:Creating metrics dataframe
2022-04-13 22:37:10,229:INFO:Uploading results into container
2022-04-13 22:37:10,230:INFO:Uploading model into container now
2022-04-13 22:37:10,230:INFO:create_model_container: 6
2022-04-13 22:37:10,230:INFO:master_model_container: 6
2022-04-13 22:37:10,230:INFO:display_container: 2
2022-04-13 22:37:10,230:INFO:RidgeClassifier(alpha=1.0, class_weight=None, copy_X=True, fit_intercept=True,
                max_iter=None, normalize=False, random_state=8831,
                solver='auto', tol=0.001)
2022-04-13 22:37:10,230:INFO:create_model() succesfully completed......................................
2022-04-13 22:37:10,288:INFO:SubProcess create_model() end ==================================
2022-04-13 22:37:10,288:INFO:Creating metrics dataframe
2022-04-13 22:37:10,310:INFO:Initializing Random Forest Classifier
2022-04-13 22:37:10,310:INFO:Total runtime is 0.5598410407702127 minutes
2022-04-13 22:37:10,318:INFO:SubProcess create_model() called ==================================
2022-04-13 22:37:10,318:INFO:Initializing create_model()
2022-04-13 22:37:10,318:INFO:create_model(estimator=rf, fold=GroupKFold(n_splits=3), round=4, cross_validation=True, predict=True, fit_kwargs={}, groups=1            1
3            3
4            4
7            7
9            9
         ...  
25962    25962
25963    25963
25964    25964
25965    25965
25967    25967
Name: sequence, Length: 17268, dtype: int64, refit=False, verbose=False, system=False, metrics=None, experiment_custom_tags=None, add_to_model_list=True, probability_threshold=None, display=<pycaret.internal.Display.Display object at 0x000001F8A2091400>, return_train_score=False, kwargs={})
2022-04-13 22:37:10,319:INFO:Checking exceptions
2022-04-13 22:37:10,319:INFO:Importing libraries
2022-04-13 22:37:10,319:INFO:Copying training dataset
2022-04-13 22:37:10,321:INFO:Defining folds
2022-04-13 22:37:10,321:INFO:Declaring metric variables
2022-04-13 22:37:10,327:INFO:Importing untrained model
2022-04-13 22:37:10,334:INFO:Random Forest Classifier Imported succesfully
2022-04-13 22:37:10,346:INFO:Starting cross validation
2022-04-13 22:37:10,346:INFO:Cross validating with GroupKFold(n_splits=3), n_jobs=1
2022-04-13 22:37:16,723:INFO:Calculating mean and std
2022-04-13 22:37:16,724:INFO:Creating metrics dataframe
2022-04-13 22:37:16,741:INFO:Uploading results into container
2022-04-13 22:37:16,741:INFO:Uploading model into container now
2022-04-13 22:37:16,741:INFO:create_model_container: 7
2022-04-13 22:37:16,741:INFO:master_model_container: 7
2022-04-13 22:37:16,741:INFO:display_container: 2
2022-04-13 22:37:16,741:INFO:RandomForestClassifier(bootstrap=True, ccp_alpha=0.0, class_weight=None,
                       criterion='gini', max_depth=None, max_features='auto',
                       max_leaf_nodes=None, max_samples=None,
                       min_impurity_decrease=0.0, min_impurity_split=None,
                       min_samples_leaf=1, min_samples_split=2,
                       min_weight_fraction_leaf=0.0, n_estimators=100,
                       n_jobs=-1, oob_score=False, random_state=8831, verbose=0,
                       warm_start=False)
2022-04-13 22:37:16,741:INFO:create_model() succesfully completed......................................
2022-04-13 22:37:16,804:INFO:SubProcess create_model() end ==================================
2022-04-13 22:37:16,804:INFO:Creating metrics dataframe
2022-04-13 22:37:16,826:INFO:Initializing Quadratic Discriminant Analysis
2022-04-13 22:37:16,826:INFO:Total runtime is 0.6684360027313231 minutes
2022-04-13 22:37:16,833:INFO:SubProcess create_model() called ==================================
2022-04-13 22:37:16,834:INFO:Initializing create_model()
2022-04-13 22:37:16,834:INFO:create_model(estimator=qda, fold=GroupKFold(n_splits=3), round=4, cross_validation=True, predict=True, fit_kwargs={}, groups=1            1
3            3
4            4
7            7
9            9
         ...  
25962    25962
25963    25963
25964    25964
25965    25965
25967    25967
Name: sequence, Length: 17268, dtype: int64, refit=False, verbose=False, system=False, metrics=None, experiment_custom_tags=None, add_to_model_list=True, probability_threshold=None, display=<pycaret.internal.Display.Display object at 0x000001F8A2091400>, return_train_score=False, kwargs={})
2022-04-13 22:37:16,835:INFO:Checking exceptions
2022-04-13 22:37:16,835:INFO:Importing libraries
2022-04-13 22:37:16,835:INFO:Copying training dataset
2022-04-13 22:37:16,837:INFO:Defining folds
2022-04-13 22:37:16,838:INFO:Declaring metric variables
2022-04-13 22:37:16,844:INFO:Importing untrained model
2022-04-13 22:37:16,852:INFO:Quadratic Discriminant Analysis Imported succesfully
2022-04-13 22:37:16,864:INFO:Starting cross validation
2022-04-13 22:37:16,864:INFO:Cross validating with GroupKFold(n_splits=3), n_jobs=1
2022-04-13 22:37:17,676:INFO:Calculating mean and std
2022-04-13 22:37:17,677:INFO:Creating metrics dataframe
2022-04-13 22:37:17,692:INFO:Uploading results into container
2022-04-13 22:37:17,692:INFO:Uploading model into container now
2022-04-13 22:37:17,692:INFO:create_model_container: 8
2022-04-13 22:37:17,692:INFO:master_model_container: 8
2022-04-13 22:37:17,692:INFO:display_container: 2
2022-04-13 22:37:17,692:INFO:QuadraticDiscriminantAnalysis(priors=None, reg_param=0.0,
                              store_covariance=False, tol=0.0001)
2022-04-13 22:37:17,692:INFO:create_model() succesfully completed......................................
2022-04-13 22:37:17,750:INFO:SubProcess create_model() end ==================================
2022-04-13 22:37:17,750:INFO:Creating metrics dataframe
2022-04-13 22:37:17,773:INFO:Initializing Ada Boost Classifier
2022-04-13 22:37:17,773:INFO:Total runtime is 0.6842309435208637 minutes
2022-04-13 22:37:17,780:INFO:SubProcess create_model() called ==================================
2022-04-13 22:37:17,781:INFO:Initializing create_model()
2022-04-13 22:37:17,781:INFO:create_model(estimator=ada, fold=GroupKFold(n_splits=3), round=4, cross_validation=True, predict=True, fit_kwargs={}, groups=1            1
3            3
4            4
7            7
9            9
         ...  
25962    25962
25963    25963
25964    25964
25965    25965
25967    25967
Name: sequence, Length: 17268, dtype: int64, refit=False, verbose=False, system=False, metrics=None, experiment_custom_tags=None, add_to_model_list=True, probability_threshold=None, display=<pycaret.internal.Display.Display object at 0x000001F8A2091400>, return_train_score=False, kwargs={})
2022-04-13 22:37:17,782:INFO:Checking exceptions
2022-04-13 22:37:17,782:INFO:Importing libraries
2022-04-13 22:37:17,782:INFO:Copying training dataset
2022-04-13 22:37:17,785:INFO:Defining folds
2022-04-13 22:37:17,785:INFO:Declaring metric variables
2022-04-13 22:37:17,791:INFO:Importing untrained model
2022-04-13 22:37:17,799:INFO:Ada Boost Classifier Imported succesfully
2022-04-13 22:37:17,813:INFO:Starting cross validation
2022-04-13 22:37:17,814:INFO:Cross validating with GroupKFold(n_splits=3), n_jobs=1
2022-04-13 22:37:41,419:INFO:Calculating mean and std
2022-04-13 22:37:41,420:INFO:Creating metrics dataframe
2022-04-13 22:37:41,436:INFO:Uploading results into container
2022-04-13 22:37:41,436:INFO:Uploading model into container now
2022-04-13 22:37:41,436:INFO:create_model_container: 9
2022-04-13 22:37:41,436:INFO:master_model_container: 9
2022-04-13 22:37:41,436:INFO:display_container: 2
2022-04-13 22:37:41,436:INFO:AdaBoostClassifier(algorithm='SAMME.R', base_estimator=None, learning_rate=1.0,
                   n_estimators=50, random_state=8831)
2022-04-13 22:37:41,436:INFO:create_model() succesfully completed......................................
2022-04-13 22:37:41,494:INFO:SubProcess create_model() end ==================================
2022-04-13 22:37:41,494:INFO:Creating metrics dataframe
2022-04-13 22:37:41,516:INFO:Initializing Gradient Boosting Classifier
2022-04-13 22:37:41,516:INFO:Total runtime is 1.0799393534660338 minutes
2022-04-13 22:37:41,523:INFO:SubProcess create_model() called ==================================
2022-04-13 22:37:41,524:INFO:Initializing create_model()
2022-04-13 22:37:41,524:INFO:create_model(estimator=gbc, fold=GroupKFold(n_splits=3), round=4, cross_validation=True, predict=True, fit_kwargs={}, groups=1            1
3            3
4            4
7            7
9            9
         ...  
25962    25962
25963    25963
25964    25964
25965    25965
25967    25967
Name: sequence, Length: 17268, dtype: int64, refit=False, verbose=False, system=False, metrics=None, experiment_custom_tags=None, add_to_model_list=True, probability_threshold=None, display=<pycaret.internal.Display.Display object at 0x000001F8A2091400>, return_train_score=False, kwargs={})
2022-04-13 22:37:41,524:INFO:Checking exceptions
2022-04-13 22:37:41,524:INFO:Importing libraries
2022-04-13 22:37:41,524:INFO:Copying training dataset
2022-04-13 22:37:41,526:INFO:Defining folds
2022-04-13 22:37:41,527:INFO:Declaring metric variables
2022-04-13 22:37:41,533:INFO:Importing untrained model
2022-04-13 22:37:41,539:INFO:Gradient Boosting Classifier Imported succesfully
2022-04-13 22:37:41,552:INFO:Starting cross validation
2022-04-13 22:37:41,553:INFO:Cross validating with GroupKFold(n_splits=3), n_jobs=1
2022-04-13 22:39:42,786:INFO:Calculating mean and std
2022-04-13 22:39:42,787:INFO:Creating metrics dataframe
2022-04-13 22:39:42,803:INFO:Uploading results into container
2022-04-13 22:39:42,803:INFO:Uploading model into container now
2022-04-13 22:39:42,803:INFO:create_model_container: 10
2022-04-13 22:39:42,803:INFO:master_model_container: 10
2022-04-13 22:39:42,803:INFO:display_container: 2
2022-04-13 22:39:42,804:INFO:GradientBoostingClassifier(ccp_alpha=0.0, criterion='friedman_mse', init=None,
                           learning_rate=0.1, loss='deviance', max_depth=3,
                           max_features=None, max_leaf_nodes=None,
                           min_impurity_decrease=0.0, min_impurity_split=None,
                           min_samples_leaf=1, min_samples_split=2,
                           min_weight_fraction_leaf=0.0, n_estimators=100,
                           n_iter_no_change=None, presort='deprecated',
                           random_state=8831, subsample=1.0, tol=0.0001,
                           validation_fraction=0.1, verbose=0,
                           warm_start=False)
2022-04-13 22:39:42,804:INFO:create_model() succesfully completed......................................
2022-04-13 22:39:42,860:INFO:SubProcess create_model() end ==================================
2022-04-13 22:39:42,860:INFO:Creating metrics dataframe
2022-04-13 22:39:42,881:INFO:Initializing Linear Discriminant Analysis
2022-04-13 22:39:42,881:INFO:Total runtime is 3.102698441346486 minutes
2022-04-13 22:39:42,887:INFO:SubProcess create_model() called ==================================
2022-04-13 22:39:42,888:INFO:Initializing create_model()
2022-04-13 22:39:42,888:INFO:create_model(estimator=lda, fold=GroupKFold(n_splits=3), round=4, cross_validation=True, predict=True, fit_kwargs={}, groups=1            1
3            3
4            4
7            7
9            9
         ...  
25962    25962
25963    25963
25964    25964
25965    25965
25967    25967
Name: sequence, Length: 17268, dtype: int64, refit=False, verbose=False, system=False, metrics=None, experiment_custom_tags=None, add_to_model_list=True, probability_threshold=None, display=<pycaret.internal.Display.Display object at 0x000001F8A2091400>, return_train_score=False, kwargs={})
2022-04-13 22:39:42,888:INFO:Checking exceptions
2022-04-13 22:39:42,888:INFO:Importing libraries
2022-04-13 22:39:42,888:INFO:Copying training dataset
2022-04-13 22:39:42,891:INFO:Defining folds
2022-04-13 22:39:42,891:INFO:Declaring metric variables
2022-04-13 22:39:42,897:INFO:Importing untrained model
2022-04-13 22:39:42,903:INFO:Linear Discriminant Analysis Imported succesfully
2022-04-13 22:39:42,916:INFO:Starting cross validation
2022-04-13 22:39:42,917:INFO:Cross validating with GroupKFold(n_splits=3), n_jobs=1
2022-04-13 22:39:43,982:INFO:Calculating mean and std
2022-04-13 22:39:43,982:INFO:Creating metrics dataframe
2022-04-13 22:39:43,999:INFO:Uploading results into container
2022-04-13 22:39:43,999:INFO:Uploading model into container now
2022-04-13 22:39:43,999:INFO:create_model_container: 11
2022-04-13 22:39:43,999:INFO:master_model_container: 11
2022-04-13 22:39:43,999:INFO:display_container: 2
2022-04-13 22:39:44,000:INFO:LinearDiscriminantAnalysis(n_components=None, priors=None, shrinkage=None,
                           solver='svd', store_covariance=False, tol=0.0001)
2022-04-13 22:39:44,000:INFO:create_model() succesfully completed......................................
2022-04-13 22:39:44,057:INFO:SubProcess create_model() end ==================================
2022-04-13 22:39:44,057:INFO:Creating metrics dataframe
2022-04-13 22:39:44,081:INFO:Initializing Extra Trees Classifier
2022-04-13 22:39:44,081:INFO:Total runtime is 3.122699646155039 minutes
2022-04-13 22:39:44,087:INFO:SubProcess create_model() called ==================================
2022-04-13 22:39:44,088:INFO:Initializing create_model()
2022-04-13 22:39:44,088:INFO:create_model(estimator=et, fold=GroupKFold(n_splits=3), round=4, cross_validation=True, predict=True, fit_kwargs={}, groups=1            1
3            3
4            4
7            7
9            9
         ...  
25962    25962
25963    25963
25964    25964
25965    25965
25967    25967
Name: sequence, Length: 17268, dtype: int64, refit=False, verbose=False, system=False, metrics=None, experiment_custom_tags=None, add_to_model_list=True, probability_threshold=None, display=<pycaret.internal.Display.Display object at 0x000001F8A2091400>, return_train_score=False, kwargs={})
2022-04-13 22:39:44,088:INFO:Checking exceptions
2022-04-13 22:39:44,088:INFO:Importing libraries
2022-04-13 22:39:44,088:INFO:Copying training dataset
2022-04-13 22:39:44,091:INFO:Defining folds
2022-04-13 22:39:44,091:INFO:Declaring metric variables
2022-04-13 22:39:44,097:INFO:Importing untrained model
2022-04-13 22:39:44,103:INFO:Extra Trees Classifier Imported succesfully
2022-04-13 22:39:44,116:INFO:Starting cross validation
2022-04-13 22:39:44,117:INFO:Cross validating with GroupKFold(n_splits=3), n_jobs=1
2022-04-13 22:39:47,879:INFO:Calculating mean and std
2022-04-13 22:39:47,880:INFO:Creating metrics dataframe
2022-04-13 22:39:47,895:INFO:Uploading results into container
2022-04-13 22:39:47,895:INFO:Uploading model into container now
2022-04-13 22:39:47,895:INFO:create_model_container: 12
2022-04-13 22:39:47,895:INFO:master_model_container: 12
2022-04-13 22:39:47,895:INFO:display_container: 2
2022-04-13 22:39:47,895:INFO:ExtraTreesClassifier(bootstrap=False, ccp_alpha=0.0, class_weight=None,
                     criterion='gini', max_depth=None, max_features='auto',
                     max_leaf_nodes=None, max_samples=None,
                     min_impurity_decrease=0.0, min_impurity_split=None,
                     min_samples_leaf=1, min_samples_split=2,
                     min_weight_fraction_leaf=0.0, n_estimators=100, n_jobs=-1,
                     oob_score=False, random_state=8831, verbose=0,
                     warm_start=False)
2022-04-13 22:39:47,896:INFO:create_model() succesfully completed......................................
2022-04-13 22:39:47,954:INFO:SubProcess create_model() end ==================================
2022-04-13 22:39:47,954:INFO:Creating metrics dataframe
2022-04-13 22:39:47,978:INFO:Initializing Light Gradient Boosting Machine
2022-04-13 22:39:47,978:INFO:Total runtime is 3.1876444180806476 minutes
2022-04-13 22:39:47,985:INFO:SubProcess create_model() called ==================================
2022-04-13 22:39:47,985:INFO:Initializing create_model()
2022-04-13 22:39:47,985:INFO:create_model(estimator=lightgbm, fold=GroupKFold(n_splits=3), round=4, cross_validation=True, predict=True, fit_kwargs={}, groups=1            1
3            3
4            4
7            7
9            9
         ...  
25962    25962
25963    25963
25964    25964
25965    25965
25967    25967
Name: sequence, Length: 17268, dtype: int64, refit=False, verbose=False, system=False, metrics=None, experiment_custom_tags=None, add_to_model_list=True, probability_threshold=None, display=<pycaret.internal.Display.Display object at 0x000001F8A2091400>, return_train_score=False, kwargs={})
2022-04-13 22:39:47,986:INFO:Checking exceptions
2022-04-13 22:39:47,986:INFO:Importing libraries
2022-04-13 22:39:47,986:INFO:Copying training dataset
2022-04-13 22:39:47,988:INFO:Defining folds
2022-04-13 22:39:47,989:INFO:Declaring metric variables
2022-04-13 22:39:47,995:INFO:Importing untrained model
2022-04-13 22:39:48,004:INFO:Light Gradient Boosting Machine Imported succesfully
2022-04-13 22:39:48,019:INFO:Starting cross validation
2022-04-13 22:39:48,020:INFO:Cross validating with GroupKFold(n_splits=3), n_jobs=1
2022-04-13 22:39:57,533:INFO:Calculating mean and std
2022-04-13 22:39:57,534:INFO:Creating metrics dataframe
2022-04-13 22:39:57,572:INFO:Uploading results into container
2022-04-13 22:39:57,572:INFO:Uploading model into container now
2022-04-13 22:39:57,573:INFO:create_model_container: 13
2022-04-13 22:39:57,573:INFO:master_model_container: 13
2022-04-13 22:39:57,573:INFO:display_container: 2
2022-04-13 22:39:57,574:INFO:LGBMClassifier(boosting_type='gbdt', class_weight=None, colsample_bytree=1.0,
               device='gpu', importance_type='split', learning_rate=0.1,
               max_depth=-1, min_child_samples=20, min_child_weight=0.001,
               min_split_gain=0.0, n_estimators=100, n_jobs=-1, num_leaves=31,
               objective=None, random_state=8831, reg_alpha=0.0, reg_lambda=0.0,
               silent='warn', subsample=1.0, subsample_for_bin=200000,
               subsample_freq=0)
2022-04-13 22:39:57,574:INFO:create_model() succesfully completed......................................
2022-04-13 22:39:57,644:INFO:SubProcess create_model() end ==================================
2022-04-13 22:39:57,644:INFO:Creating metrics dataframe
2022-04-13 22:39:57,667:INFO:Initializing Dummy Classifier
2022-04-13 22:39:57,667:INFO:Total runtime is 3.3491314609845477 minutes
2022-04-13 22:39:57,673:INFO:SubProcess create_model() called ==================================
2022-04-13 22:39:57,673:INFO:Initializing create_model()
2022-04-13 22:39:57,674:INFO:create_model(estimator=dummy, fold=GroupKFold(n_splits=3), round=4, cross_validation=True, predict=True, fit_kwargs={}, groups=1            1
3            3
4            4
7            7
9            9
         ...  
25962    25962
25963    25963
25964    25964
25965    25965
25967    25967
Name: sequence, Length: 17268, dtype: int64, refit=False, verbose=False, system=False, metrics=None, experiment_custom_tags=None, add_to_model_list=True, probability_threshold=None, display=<pycaret.internal.Display.Display object at 0x000001F8A2091400>, return_train_score=False, kwargs={})
2022-04-13 22:39:57,674:INFO:Checking exceptions
2022-04-13 22:39:57,674:INFO:Importing libraries
2022-04-13 22:39:57,674:INFO:Copying training dataset
2022-04-13 22:39:57,679:INFO:Defining folds
2022-04-13 22:39:57,679:INFO:Declaring metric variables
2022-04-13 22:39:57,686:INFO:Importing untrained model
2022-04-13 22:39:57,693:INFO:Dummy Classifier Imported succesfully
2022-04-13 22:39:57,710:INFO:Starting cross validation
2022-04-13 22:39:57,711:INFO:Cross validating with GroupKFold(n_splits=3), n_jobs=1
2022-04-13 22:39:57,825:INFO:Calculating mean and std
2022-04-13 22:39:57,826:INFO:Creating metrics dataframe
2022-04-13 22:39:57,841:INFO:Uploading results into container
2022-04-13 22:39:57,841:INFO:Uploading model into container now
2022-04-13 22:39:57,841:INFO:create_model_container: 14
2022-04-13 22:39:57,841:INFO:master_model_container: 14
2022-04-13 22:39:57,841:INFO:display_container: 2
2022-04-13 22:39:57,842:INFO:DummyClassifier(constant=None, random_state=8831, strategy='prior')
2022-04-13 22:39:57,842:INFO:create_model() succesfully completed......................................
2022-04-13 22:39:57,903:INFO:SubProcess create_model() end ==================================
2022-04-13 22:39:57,903:INFO:Creating metrics dataframe
2022-04-13 22:39:57,944:INFO:Initializing create_model()
2022-04-13 22:39:57,944:INFO:create_model(estimator=LGBMClassifier(boosting_type='gbdt', class_weight=None, colsample_bytree=1.0,
               device='gpu', importance_type='split', learning_rate=0.1,
               max_depth=-1, min_child_samples=20, min_child_weight=0.001,
               min_split_gain=0.0, n_estimators=100, n_jobs=-1, num_leaves=31,
               objective=None, random_state=8831, reg_alpha=0.0, reg_lambda=0.0,
               silent='warn', subsample=1.0, subsample_for_bin=200000,
               subsample_freq=0), fold=GroupKFold(n_splits=3), round=4, cross_validation=False, predict=False, fit_kwargs={}, groups=1            1
3            3
4            4
7            7
9            9
         ...  
25962    25962
25963    25963
25964    25964
25965    25965
25967    25967
Name: sequence, Length: 17268, dtype: int64, refit=True, verbose=False, system=False, metrics=None, experiment_custom_tags=None, add_to_model_list=True, probability_threshold=None, display=None, return_train_score=False, kwargs={})
2022-04-13 22:39:57,945:INFO:Checking exceptions
2022-04-13 22:39:57,945:INFO:Importing libraries
2022-04-13 22:39:57,945:INFO:Copying training dataset
2022-04-13 22:39:57,948:INFO:Defining folds
2022-04-13 22:39:57,948:INFO:Declaring metric variables
2022-04-13 22:39:57,948:INFO:Importing untrained model
2022-04-13 22:39:57,948:INFO:Declaring custom model
2022-04-13 22:39:57,948:INFO:Light Gradient Boosting Machine Imported succesfully
2022-04-13 22:39:57,949:INFO:Cross validation set to False
2022-04-13 22:39:57,949:INFO:Fitting Model
2022-04-13 22:39:59,740:INFO:LGBMClassifier(boosting_type='gbdt', class_weight=None, colsample_bytree=1.0,
               device='gpu', importance_type='split', learning_rate=0.1,
               max_depth=-1, min_child_samples=20, min_child_weight=0.001,
               min_split_gain=0.0, n_estimators=100, n_jobs=-1, num_leaves=31,
               objective=None, random_state=8831, reg_alpha=0.0, reg_lambda=0.0,
               silent='warn', subsample=1.0, subsample_for_bin=200000,
               subsample_freq=0)
2022-04-13 22:39:59,741:INFO:create_models() succesfully completed......................................
2022-04-13 22:39:59,868:INFO:create_model_container: 14
2022-04-13 22:39:59,868:INFO:master_model_container: 14
2022-04-13 22:39:59,869:INFO:display_container: 2
2022-04-13 22:39:59,869:INFO:LGBMClassifier(boosting_type='gbdt', class_weight=None, colsample_bytree=1.0,
               device='gpu', importance_type='split', learning_rate=0.1,
               max_depth=-1, min_child_samples=20, min_child_weight=0.001,
               min_split_gain=0.0, n_estimators=100, n_jobs=-1, num_leaves=31,
               objective=None, random_state=8831, reg_alpha=0.0, reg_lambda=0.0,
               silent='warn', subsample=1.0, subsample_for_bin=200000,
               subsample_freq=0)
2022-04-13 22:39:59,869:INFO:compare_models() succesfully completed......................................
2022-04-13 22:39:59,919:INFO:Initializing create_model()
2022-04-13 22:39:59,919:INFO:create_model(estimator=lightgbm, fold=None, round=4, cross_validation=True, predict=True, fit_kwargs=None, groups=None, refit=True, verbose=True, system=True, metrics=None, experiment_custom_tags=None, add_to_model_list=True, probability_threshold=None, display=None, return_train_score=False, kwargs={})
2022-04-13 22:39:59,919:INFO:Checking exceptions
2022-04-13 22:39:59,919:INFO:Preparing display monitor
2022-04-13 22:39:59,935:INFO:Importing libraries
2022-04-13 22:39:59,935:INFO:Copying training dataset
2022-04-13 22:39:59,939:INFO:Defining folds
2022-04-13 22:39:59,939:INFO:Declaring metric variables
2022-04-13 22:39:59,946:INFO:Importing untrained model
2022-04-13 22:39:59,952:INFO:Light Gradient Boosting Machine Imported succesfully
2022-04-13 22:39:59,966:INFO:Starting cross validation
2022-04-13 22:39:59,966:INFO:Cross validating with GroupKFold(n_splits=3), n_jobs=1
2022-04-13 22:40:05,771:INFO:Calculating mean and std
2022-04-13 22:40:05,772:INFO:Creating metrics dataframe
2022-04-13 22:40:05,789:INFO:Finalizing model
2022-04-13 22:40:07,714:INFO:Uploading results into container
2022-04-13 22:40:07,715:INFO:Uploading model into container now
2022-04-13 22:40:07,727:INFO:create_model_container: 15
2022-04-13 22:40:07,727:INFO:master_model_container: 15
2022-04-13 22:40:07,727:INFO:display_container: 3
2022-04-13 22:40:07,728:INFO:LGBMClassifier(boosting_type='gbdt', class_weight=None, colsample_bytree=1.0,
               device='gpu', importance_type='split', learning_rate=0.1,
               max_depth=-1, min_child_samples=20, min_child_weight=0.001,
               min_split_gain=0.0, n_estimators=100, n_jobs=-1, num_leaves=31,
               objective=None, random_state=8831, reg_alpha=0.0, reg_lambda=0.0,
               silent='warn', subsample=1.0, subsample_for_bin=200000,
               subsample_freq=0)
2022-04-13 22:40:07,729:INFO:create_model() succesfully completed......................................
2022-04-13 22:40:07,845:INFO:Initializing interpret_model()
2022-04-13 22:40:07,846:INFO:interpret_model(estimator=LGBMClassifier(boosting_type='gbdt', class_weight=None, colsample_bytree=1.0,
               device='gpu', importance_type='split', learning_rate=0.1,
               max_depth=-1, min_child_samples=20, min_child_weight=0.001,
               min_split_gain=0.0, n_estimators=100, n_jobs=-1, num_leaves=31,
               objective=None, random_state=8831, reg_alpha=0.0, reg_lambda=0.0,
               silent='warn', subsample=1.0, subsample_for_bin=200000,
               subsample_freq=0), use_train_data=False, X_new_sample=None, y_new_sample=None, feature=None, kwargs={}, observation=None, plot=summary, save=False)
2022-04-13 22:40:07,846:INFO:Checking exceptions
2022-04-13 22:40:07,847:ERROR:shap library not found. pip install shap to use interpret_model function.
2022-04-13 22:41:59,487:INFO:Initializing finalize_model()
2022-04-13 22:41:59,487:INFO:finalize_model(estimator=LGBMClassifier(boosting_type='gbdt', class_weight=None, colsample_bytree=1.0,
               device='gpu', importance_type='split', learning_rate=0.1,
               max_depth=-1, min_child_samples=20, min_child_weight=0.001,
               min_split_gain=0.0, n_estimators=100, n_jobs=-1, num_leaves=31,
               objective=None, random_state=8831, reg_alpha=0.0, reg_lambda=0.0,
               silent='warn', subsample=1.0, subsample_for_bin=200000,
               subsample_freq=0), fit_kwargs=None, groups=None, model_only=True, display=None, experiment_custom_tags=None, return_train_score=False)
2022-04-13 22:41:59,487:INFO:Finalizing LGBMClassifier(boosting_type='gbdt', class_weight=None, colsample_bytree=1.0,
               device='gpu', importance_type='split', learning_rate=0.1,
               max_depth=-1, min_child_samples=20, min_child_weight=0.001,
               min_split_gain=0.0, n_estimators=100, n_jobs=-1, num_leaves=31,
               objective=None, random_state=8831, reg_alpha=0.0, reg_lambda=0.0,
               silent='warn', subsample=1.0, subsample_for_bin=200000,
               subsample_freq=0)
2022-04-13 22:41:59,488:INFO:Initializing create_model()
2022-04-13 22:41:59,488:INFO:create_model(estimator=LGBMClassifier(boosting_type='gbdt', class_weight=None, colsample_bytree=1.0,
               device='gpu', importance_type='split', learning_rate=0.1,
               max_depth=-1, min_child_samples=20, min_child_weight=0.001,
               min_split_gain=0.0, n_estimators=100, n_jobs=-1, num_leaves=31,
               objective=None, random_state=8831, reg_alpha=0.0, reg_lambda=0.0,
               silent='warn', subsample=1.0, subsample_for_bin=200000,
               subsample_freq=0), fold=None, round=4, cross_validation=True, predict=True, fit_kwargs={}, groups=0            0
1            1
2            2
3            3
4            4
         ...  
25963    25963
25964    25964
25965    25965
25966    25966
25967    25967
Name: sequence, Length: 25968, dtype: int64, refit=True, verbose=False, system=False, metrics=None, experiment_custom_tags=None, add_to_model_list=False, probability_threshold=None, display=None, return_train_score=False, kwargs={})
2022-04-13 22:41:59,488:INFO:Checking exceptions
2022-04-13 22:41:59,488:INFO:Importing libraries
2022-04-13 22:41:59,488:INFO:Copying training dataset
2022-04-13 22:41:59,493:INFO:Defining folds
2022-04-13 22:41:59,493:INFO:Declaring metric variables
2022-04-13 22:41:59,493:INFO:Importing untrained model
2022-04-13 22:41:59,493:INFO:Declaring custom model
2022-04-13 22:41:59,494:INFO:Light Gradient Boosting Machine Imported succesfully
2022-04-13 22:41:59,494:INFO:Starting cross validation
2022-04-13 22:41:59,494:INFO:Cross validating with GroupKFold(n_splits=3), n_jobs=1
2022-04-13 22:42:05,365:INFO:Calculating mean and std
2022-04-13 22:42:05,366:INFO:Creating metrics dataframe
2022-04-13 22:42:05,370:INFO:Finalizing model
2022-04-13 22:42:07,311:INFO:create_model_container: 15
2022-04-13 22:42:07,312:INFO:master_model_container: 15
2022-04-13 22:42:07,312:INFO:display_container: 4
2022-04-13 22:42:07,312:INFO:LGBMClassifier(boosting_type='gbdt', class_weight=None, colsample_bytree=1.0,
               device='gpu', importance_type='split', learning_rate=0.1,
               max_depth=-1, min_child_samples=20, min_child_weight=0.001,
               min_split_gain=0.0, n_estimators=100, n_jobs=-1, num_leaves=31,
               objective=None, random_state=8831, reg_alpha=0.0, reg_lambda=0.0,
               silent='warn', subsample=1.0, subsample_for_bin=200000,
               subsample_freq=0)
2022-04-13 22:42:07,313:INFO:create_model() succesfully completed......................................
2022-04-13 22:42:07,456:INFO:create_model_container: 15
2022-04-13 22:42:07,456:INFO:master_model_container: 15
2022-04-13 22:42:07,456:INFO:display_container: 3
2022-04-13 22:42:07,457:INFO:LGBMClassifier(boosting_type='gbdt', class_weight=None, colsample_bytree=1.0,
               device='gpu', importance_type='split', learning_rate=0.1,
               max_depth=-1, min_child_samples=20, min_child_weight=0.001,
               min_split_gain=0.0, n_estimators=100, n_jobs=-1, num_leaves=31,
               objective=None, random_state=8831, reg_alpha=0.0, reg_lambda=0.0,
               silent='warn', subsample=1.0, subsample_for_bin=200000,
               subsample_freq=0)
2022-04-13 22:42:07,457:INFO:finalize_model() succesfully completed......................................
2022-04-13 22:42:07,560:INFO:Initializing predict_model()
2022-04-13 22:42:07,560:INFO:predict_model(estimator=LGBMClassifier(boosting_type='gbdt', class_weight=None, colsample_bytree=1.0,
               device='gpu', importance_type='split', learning_rate=0.1,
               max_depth=-1, min_child_samples=20, min_child_weight=0.001,
               min_split_gain=0.0, n_estimators=100, n_jobs=-1, num_leaves=31,
               objective=None, random_state=8831, reg_alpha=0.0, reg_lambda=0.0,
               silent='warn', subsample=1.0, subsample_for_bin=200000,
               subsample_freq=0), probability_threshold=None, encoded_labels=False, drift_report=False, raw_score=False, round=4, verbose=True, ml_usecase=MLUsecase.CLASSIFICATION, display=None, drift_kwargs=None)
2022-04-13 22:42:07,560:INFO:Checking exceptions
2022-04-13 22:42:07,560:INFO:Preloading libraries
2022-04-13 22:42:07,561:INFO:Preparing display monitor
2022-04-13 22:47:03,377:INFO:Initializing interpret_model()
2022-04-13 22:47:03,377:INFO:interpret_model(estimator=LGBMClassifier(boosting_type='gbdt', class_weight=None, colsample_bytree=1.0,
               device='gpu', importance_type='split', learning_rate=0.1,
               max_depth=-1, min_child_samples=20, min_child_weight=0.001,
               min_split_gain=0.0, n_estimators=100, n_jobs=-1, num_leaves=31,
               objective=None, random_state=8831, reg_alpha=0.0, reg_lambda=0.0,
               silent='warn', subsample=1.0, subsample_for_bin=200000,
               subsample_freq=0), use_train_data=False, X_new_sample=None, y_new_sample=None, feature=None, kwargs={}, observation=None, plot=summary, save=False)
2022-04-13 22:47:03,377:INFO:Checking exceptions
2022-04-13 22:47:03,506:INFO:plot type: summary
2022-04-13 22:47:03,506:INFO:Creating TreeExplainer
2022-04-13 22:47:03,715:INFO:Compiling shap values
2022-04-13 22:47:07,489:INFO:Visual Rendered Successfully
2022-04-13 22:47:07,489:INFO:interpret_model() succesfully completed......................................
2022-04-13 22:57:14,222:INFO:Initializing predict_model()
2022-04-13 22:57:14,222:INFO:predict_model(estimator=LGBMClassifier(boosting_type='gbdt', class_weight=None, colsample_bytree=1.0,
               device='gpu', importance_type='split', learning_rate=0.1,
               max_depth=-1, min_child_samples=20, min_child_weight=0.001,
               min_split_gain=0.0, n_estimators=100, n_jobs=-1, num_leaves=31,
               objective=None, random_state=8831, reg_alpha=0.0, reg_lambda=0.0,
               silent='warn', subsample=1.0, subsample_for_bin=200000,
               subsample_freq=0), probability_threshold=None, encoded_labels=False, drift_report=False, raw_score=False, round=4, verbose=True, ml_usecase=MLUsecase.CLASSIFICATION, display=None, drift_kwargs=None)
2022-04-13 22:57:14,222:INFO:Checking exceptions
2022-04-13 22:57:14,222:INFO:Preloading libraries
2022-04-13 22:57:14,222:INFO:Preparing display monitor
2022-04-13 22:57:25,515:INFO:Initializing predict_model()
2022-04-13 22:57:25,515:INFO:predict_model(estimator=LGBMClassifier(boosting_type='gbdt', class_weight=None, colsample_bytree=1.0,
               device='gpu', importance_type='split', learning_rate=0.1,
               max_depth=-1, min_child_samples=20, min_child_weight=0.001,
               min_split_gain=0.0, n_estimators=100, n_jobs=-1, num_leaves=31,
               objective=None, random_state=8831, reg_alpha=0.0, reg_lambda=0.0,
               silent='warn', subsample=1.0, subsample_for_bin=200000,
               subsample_freq=0), probability_threshold=None, encoded_labels=False, drift_report=False, raw_score=False, round=4, verbose=True, ml_usecase=MLUsecase.CLASSIFICATION, display=None, drift_kwargs=None)
2022-04-13 22:57:25,515:INFO:Checking exceptions
2022-04-13 22:57:25,516:INFO:Preloading libraries
2022-04-13 22:57:25,516:INFO:Preparing display monitor
